Build started 12/9/2014 10:52:11 PM.
Project "C:\Users\REM\Desktop\MS10-058\MS10-058-Analysis\MS10-058-Analysis\MS10-058-Analysis.vcxproj" on node 2 (build target(s)).
InitializeBuildStatus:
  Creating "Release\MS10-058-Analysis.unsuccessfulbuild" because "AlwaysCreate" was specified.
ClCompile:
  C:\Program Files\Microsoft Visual Studio 10.0\VC\bin\CL.exe /c /Zi /nologo /W3 /WX- /O2 /Oi /Oy- /GL /D WIN32 /D NDEBUG /D _CONSOLE /D _UNICODE /D UNICODE /Gm- /EHsc /MD /GS /Gy /fp:precise /Zc:wchar_t /Zc:forScope /Yc"StdAfx.h" /Fp"Release\MS10-058-Analysis.pch" /Fo"Release\\" /Fd"Release\vc100.pdb" /Gd /TP /analyze- /errorReport:prompt stdafx.cpp
  stdafx.cpp
  C:\Program Files\Microsoft Visual Studio 10.0\VC\bin\CL.exe /c /Zi /nologo /W3 /WX- /O2 /Oi /Oy- /GL /D WIN32 /D NDEBUG /D _CONSOLE /D _UNICODE /D UNICODE /Gm- /EHsc /MD /GS /Gy /fp:precise /Zc:wchar_t /Zc:forScope /Yu"StdAfx.h" /Fp"Release\MS10-058-Analysis.pch" /Fo"Release\\" /Fd"Release\vc100.pdb" /Gd /TP /analyze- /errorReport:prompt "MS10-058-Analysis.cpp"
  MS10-058-Analysis.cpp
Link:
  C:\Program Files\Microsoft Visual Studio 10.0\VC\bin\link.exe /ERRORREPORT:PROMPT /OUT:"C:\Users\REM\Desktop\MS10-058\MS10-058-Analysis\Release\MS10-058-Analysis.exe" /INCREMENTAL:NO /NOLOGO kernel32.lib user32.lib gdi32.lib winspool.lib comdlg32.lib advapi32.lib shell32.lib ole32.lib oleaut32.lib uuid.lib odbc32.lib odbccp32.lib /MANIFEST /ManifestFile:"Release\MS10-058-Analysis.exe.intermediate.manifest" /MANIFESTUAC:"level='asInvoker' uiAccess='false'" /DEBUG /PDB:"C:\Users\REM\Desktop\MS10-058\MS10-058-Analysis\Release\MS10-058-Analysis.pdb" /SUBSYSTEM:CONSOLE /OPT:REF /OPT:ICF /LTCG /TLBID:1 /DYNAMICBASE /NXCOMPAT /IMPLIB:"C:\Users\REM\Desktop\MS10-058\MS10-058-Analysis\Release\MS10-058-Analysis.lib" /MACHINE:X86 "Release\MS10-058-Analysis.obj"
  Release\stdafx.obj
  Generating code
  Finished generating code
  MS10-058-Analysis.vcxproj -> C:\Users\REM\Desktop\MS10-058\MS10-058-Analysis\Release\MS10-058-Analysis.exe
Manifest:
  C:\Program Files\Microsoft SDKs\Windows\v7.0A\bin\mt.exe /nologo /verbose /outputresource:"C:\Users\REM\Desktop\MS10-058\MS10-058-Analysis\Release\MS10-058-Analysis.exe;#1" /manifest "Release\MS10-058-Analysis.exe.intermediate.manifest"
FinalizeBuildStatus:
  Deleting file "Release\MS10-058-Analysis.unsuccessfulbuild".
  Touching "Release\MS10-058-Analysis.lastbuildstate".
Done Building Project "C:\Users\REM\Desktop\MS10-058\MS10-058-Analysis\MS10-058-Analysis\MS10-058-Analysis.vcxproj" (build target(s)).

Build succeeded.

Time Elapsed 00:00:01.73
